<?xml version="1.0" encoding="UTF-8"?>
<!-- Generated by org.testng.reporters.JUnitXMLReporter -->
<testsuite hostname="Vrushali-PC" ignored="0" name="Test B" tests="2" failures="0" timestamp="10 Aug 2018 10:52:30 GMT" time="0.318" errors="0">
  <testcase name="loginTest" time="0.004" classname="com.qtpselenium.hybrid.suitea.TestB">
    <skipped/>
  </testcase> <!-- loginTest -->
  <testcase name="loginTest" time="0.004" classname="com.qtpselenium.hybrid.suitea.TestB">
    <skipped/>
  </testcase> <!-- loginTest -->
</testsuite> <!-- Test B -->
